<?xml version="1.0" encoding="UTF-8"?>
<!-- Generated by org.testng.reporters.JUnitReportReporter -->
<testsuite hostname="HP" failures="0" tests="1" name="SeleniumEndtoEnd.Project1.HomePageTest" time="22.715" errors="0" timestamp="2022-06-28T20:45:14 IST" skipped="0">
  <testcase classname="SeleniumEndtoEnd.Project1.HomePageTest" name="homePageLogin" time="22.715"/>
  <system-out/>
</testsuite> <!-- SeleniumEndtoEnd.Project1.HomePageTest -->
