<?xml version="1.0" encoding="UTF-8"?>
<!-- Generated by org.testng.reporters.JUnitReportReporter -->
<testsuite hostname="HP" failures="0" tests="1" name="SeleniumEndtoEnd.Project1.PlayMusicTest" time="23.083" errors="0" timestamp="2022-07-03T13:40:17 IST" skipped="0">
  <testcase classname="SeleniumEndtoEnd.Project1.PlayMusicTest" name="testMusic" time="23.083"/>
  <system-out/>
</testsuite> <!-- SeleniumEndtoEnd.Project1.PlayMusicTest -->
